{"/Users/kasule/Desktop/fast-food-fast-frontend/src/App.js": {"path":"/Users/kasule/Desktop/fast-food-fast-frontend/src/App.js","statementMap":{"0":{"start":{"line":8,"column":4},"end":{"line":13,"column":6}}},"fnMap":{"0":{"name":"(anonymous_0)","decl":{"start":{"line":7,"column":2},"end":{"line":7,"column":3}},"loc":{"start":{"line":7,"column":11},"end":{"line":14,"column":3}},"line":7}},"branchMap":{},"s":{"0":1},"f":{"0":1},"b":{},"_coverageSchema":"332fd63041d2c1bcb487cc26dd0d5f7d97098a6c","hash":"526f3410d5c0909ebaa7be989338f8a7bfcc370e"}
,"/Users/kasule/Desktop/fast-food-fast-frontend/src/store.js": {"path":"/Users/kasule/Desktop/fast-food-fast-frontend/src/store.js","statementMap":{"0":{"start":{"line":5,"column":20},"end":{"line":5,"column":22}},"1":{"start":{"line":6,"column":19},"end":{"line":6,"column":26}},"2":{"start":{"line":8,"column":14},"end":{"line":12,"column":1}}},"fnMap":{},"branchMap":{},"s":{"0":1,"1":1,"2":1},"f":{},"b":{},"_coverageSchema":"332fd63041d2c1bcb487cc26dd0d5f7d97098a6c","hash":"e49fd366cb39ba835e81bbe23b53a0c75ee95ca0"}
,"/Users/kasule/Desktop/fast-food-fast-frontend/src/actions/feactAction.js": {"path":"/Users/kasule/Desktop/fast-food-fast-frontend/src/actions/feactAction.js","statementMap":{"0":{"start":{"line":5,"column":12},"end":{"line":5,"column":48}},"1":{"start":{"line":6,"column":23},"end":{"line":15,"column":1}},"2":{"start":{"line":7,"column":2},"end":{"line":14,"column":7}},"3":{"start":{"line":8,"column":17},"end":{"line":8,"column":27}},"4":{"start":{"line":10,"column":6},"end":{"line":13,"column":9}},"5":{"start":{"line":17,"column":25},"end":{"line":21,"column":1}},"6":{"start":{"line":18,"column":2},"end":{"line":20,"column":4}},"7":{"start":{"line":19,"column":4},"end":{"line":19,"column":22}},"8":{"start":{"line":23,"column":22},"end":{"line":44,"column":1}},"9":{"start":{"line":24,"column":2},"end":{"line":43,"column":4}},"10":{"start":{"line":25,"column":4},"end":{"line":42,"column":9}},"11":{"start":{"line":33,"column":19},"end":{"line":33,"column":29}},"12":{"start":{"line":35,"column":10},"end":{"line":35,"column":29}},"13":{"start":{"line":37,"column":8},"end":{"line":37,"column":26}},"14":{"start":{"line":38,"column":8},"end":{"line":41,"column":11}},"15":{"start":{"line":46,"column":30},"end":{"line":69,"column":1}},"16":{"start":{"line":47,"column":2},"end":{"line":68,"column":4}},"17":{"start":{"line":48,"column":4},"end":{"line":67,"column":9}},"18":{"start":{"line":55,"column":19},"end":{"line":55,"column":29}},"19":{"start":{"line":57,"column":8},"end":{"line":59,"column":11}},"20":{"start":{"line":58,"column":12},"end":{"line":58,"column":47}},"21":{"start":{"line":60,"column":8},"end":{"line":62,"column":11}},"22":{"start":{"line":61,"column":12},"end":{"line":61,"column":51}},"23":{"start":{"line":63,"column":8},"end":{"line":66,"column":11}},"24":{"start":{"line":71,"column":27},"end":{"line":96,"column":1}},"25":{"start":{"line":72,"column":2},"end":{"line":95,"column":4}},"26":{"start":{"line":73,"column":4},"end":{"line":94,"column":9}},"27":{"start":{"line":80,"column":19},"end":{"line":80,"column":29}},"28":{"start":{"line":82,"column":8},"end":{"line":84,"column":9}},"29":{"start":{"line":83,"column":10},"end":{"line":83,"column":45}},"30":{"start":{"line":86,"column":8},"end":{"line":89,"column":11}},"31":{"start":{"line":87,"column":12},"end":{"line":87,"column":65}},"32":{"start":{"line":88,"column":12},"end":{"line":88,"column":51}},"33":{"start":{"line":90,"column":8},"end":{"line":93,"column":11}}},"fnMap":{"0":{"name":"(anonymous_0)","decl":{"start":{"line":6,"column":23},"end":{"line":6,"column":24}},"loc":{"start":{"line":6,"column":42},"end":{"line":15,"column":1}},"line":6},"1":{"name":"(anonymous_1)","decl":{"start":{"line":8,"column":10},"end":{"line":8,"column":11}},"loc":{"start":{"line":8,"column":17},"end":{"line":8,"column":27}},"line":8},"2":{"name":"(anonymous_2)","decl":{"start":{"line":9,"column":10},"end":{"line":9,"column":11}},"loc":{"start":{"line":9,"column":18},"end":{"line":14,"column":5}},"line":9},"3":{"name":"(anonymous_3)","decl":{"start":{"line":17,"column":25},"end":{"line":17,"column":26}},"loc":{"start":{"line":17,"column":36},"end":{"line":21,"column":1}},"line":17},"4":{"name":"(anonymous_4)","decl":{"start":{"line":18,"column":9},"end":{"line":18,"column":10}},"loc":{"start":{"line":18,"column":28},"end":{"line":20,"column":3}},"line":18},"5":{"name":"(anonymous_5)","decl":{"start":{"line":23,"column":22},"end":{"line":23,"column":23}},"loc":{"start":{"line":23,"column":37},"end":{"line":44,"column":1}},"line":23},"6":{"name":"(anonymous_6)","decl":{"start":{"line":24,"column":9},"end":{"line":24,"column":10}},"loc":{"start":{"line":24,"column":28},"end":{"line":43,"column":3}},"line":24},"7":{"name":"(anonymous_7)","decl":{"start":{"line":33,"column":12},"end":{"line":33,"column":13}},"loc":{"start":{"line":33,"column":19},"end":{"line":33,"column":29}},"line":33},"8":{"name":"(anonymous_8)","decl":{"start":{"line":34,"column":12},"end":{"line":34,"column":13}},"loc":{"start":{"line":34,"column":20},"end":{"line":42,"column":7}},"line":34},"9":{"name":"(anonymous_9)","decl":{"start":{"line":46,"column":30},"end":{"line":46,"column":31}},"loc":{"start":{"line":46,"column":45},"end":{"line":69,"column":1}},"line":46},"10":{"name":"(anonymous_10)","decl":{"start":{"line":47,"column":9},"end":{"line":47,"column":10}},"loc":{"start":{"line":47,"column":28},"end":{"line":68,"column":3}},"line":47},"11":{"name":"(anonymous_11)","decl":{"start":{"line":55,"column":12},"end":{"line":55,"column":13}},"loc":{"start":{"line":55,"column":19},"end":{"line":55,"column":29}},"line":55},"12":{"name":"(anonymous_12)","decl":{"start":{"line":56,"column":12},"end":{"line":56,"column":13}},"loc":{"start":{"line":56,"column":20},"end":{"line":67,"column":7}},"line":56},"13":{"name":"(anonymous_13)","decl":{"start":{"line":71,"column":27},"end":{"line":71,"column":28}},"loc":{"start":{"line":71,"column":42},"end":{"line":96,"column":1}},"line":71},"14":{"name":"(anonymous_14)","decl":{"start":{"line":72,"column":9},"end":{"line":72,"column":10}},"loc":{"start":{"line":72,"column":28},"end":{"line":95,"column":3}},"line":72},"15":{"name":"(anonymous_15)","decl":{"start":{"line":80,"column":12},"end":{"line":80,"column":13}},"loc":{"start":{"line":80,"column":19},"end":{"line":80,"column":29}},"line":80},"16":{"name":"(anonymous_16)","decl":{"start":{"line":81,"column":12},"end":{"line":81,"column":13}},"loc":{"start":{"line":81,"column":20},"end":{"line":94,"column":7}},"line":81}},"branchMap":{"0":{"loc":{"start":{"line":57,"column":8},"end":{"line":59,"column":11}},"type":"if","locations":[{"start":{"line":57,"column":8},"end":{"line":59,"column":11}},{"start":{"line":57,"column":8},"end":{"line":59,"column":11}}],"line":57},"1":{"loc":{"start":{"line":57,"column":12},"end":{"line":57,"column":92}},"type":"binary-expr","locations":[{"start":{"line":57,"column":12},"end":{"line":57,"column":37}},{"start":{"line":57,"column":41},"end":{"line":57,"column":64}},{"start":{"line":57,"column":68},"end":{"line":57,"column":92}}],"line":57},"2":{"loc":{"start":{"line":60,"column":8},"end":{"line":62,"column":11}},"type":"if","locations":[{"start":{"line":60,"column":8},"end":{"line":62,"column":11}},{"start":{"line":60,"column":8},"end":{"line":62,"column":11}}],"line":60},"3":{"loc":{"start":{"line":82,"column":8},"end":{"line":84,"column":9}},"type":"if","locations":[{"start":{"line":82,"column":8},"end":{"line":84,"column":9}},{"start":{"line":82,"column":8},"end":{"line":84,"column":9}}],"line":82},"4":{"loc":{"start":{"line":86,"column":8},"end":{"line":89,"column":11}},"type":"if","locations":[{"start":{"line":86,"column":8},"end":{"line":89,"column":11}},{"start":{"line":86,"column":8},"end":{"line":89,"column":11}}],"line":86}},"s":{"0":1,"1":1,"2":0,"3":0,"4":0,"5":1,"6":0,"7":0,"8":1,"9":0,"10":0,"11":0,"12":0,"13":0,"14":0,"15":1,"16":0,"17":0,"18":0,"19":0,"20":0,"21":0,"22":0,"23":0,"24":1,"25":0,"26":0,"27":0,"28":0,"29":0,"30":0,"31":0,"32":0,"33":0},"f":{"0":0,"1":0,"2":0,"3":0,"4":0,"5":0,"6":0,"7":0,"8":0,"9":0,"10":0,"11":0,"12":0,"13":0,"14":0,"15":0,"16":0},"b":{"0":[0,0],"1":[0,0,0],"2":[0,0],"3":[0,0],"4":[0,0]},"_coverageSchema":"332fd63041d2c1bcb487cc26dd0d5f7d97098a6c","hash":"98b16063fe1c5d9b4fcd3d2fe1af408f2e87e904"}
,"/Users/kasule/Desktop/fast-food-fast-frontend/src/actions/type.js": {"path":"/Users/kasule/Desktop/fast-food-fast-frontend/src/actions/type.js","statementMap":{"0":{"start":{"line":1,"column":25},"end":{"line":1,"column":36}},"1":{"start":{"line":2,"column":24},"end":{"line":2,"column":34}},"2":{"start":{"line":3,"column":24},"end":{"line":3,"column":34}},"3":{"start":{"line":4,"column":21},"end":{"line":4,"column":28}},"4":{"start":{"line":5,"column":23},"end":{"line":5,"column":71}}},"fnMap":{},"branchMap":{},"s":{"0":2,"1":2,"2":2,"3":2,"4":2},"f":{},"b":{},"_coverageSchema":"332fd63041d2c1bcb487cc26dd0d5f7d97098a6c","hash":"e08a12c6c67499ccb2b2b9a2cccd3e7e84cedf96"}
,"/Users/kasule/Desktop/fast-food-fast-frontend/src/components/LoginForm/LoginForm.jsx": {"path":"/Users/kasule/Desktop/fast-food-fast-frontend/src/components/LoginForm/LoginForm.jsx","statementMap":{"0":{"start":{"line":14,"column":18},"end":{"line":109,"column":1}},"1":{"start":{"line":15,"column":2},"end":{"line":108,"column":4}}},"fnMap":{"0":{"name":"(anonymous_0)","decl":{"start":{"line":14,"column":18},"end":{"line":14,"column":19}},"loc":{"start":{"line":14,"column":46},"end":{"line":109,"column":1}},"line":14}},"branchMap":{},"s":{"0":1,"1":1},"f":{"0":1},"b":{},"_coverageSchema":"332fd63041d2c1bcb487cc26dd0d5f7d97098a6c","hash":"543023003a3860cf733b0b717fa01bf840697e54"}
,"/Users/kasule/Desktop/fast-food-fast-frontend/src/components/NavBar/Navbar.jsx": {"path":"/Users/kasule/Desktop/fast-food-fast-frontend/src/components/NavBar/Navbar.jsx","statementMap":{"0":{"start":{"line":5,"column":15},"end":{"line":46,"column":1}},"1":{"start":{"line":6,"column":19},"end":{"line":6,"column":47}},"2":{"start":{"line":7,"column":4},"end":{"line":45,"column":6}}},"fnMap":{"0":{"name":"(anonymous_0)","decl":{"start":{"line":5,"column":15},"end":{"line":5,"column":16}},"loc":{"start":{"line":5,"column":38},"end":{"line":46,"column":1}},"line":5}},"branchMap":{},"s":{"0":2,"1":2,"2":2},"f":{"0":2},"b":{},"_coverageSchema":"332fd63041d2c1bcb487cc26dd0d5f7d97098a6c","hash":"b1e846606b3bea8e89d98dbeb884bf4cc7eb3fa6"}
,"/Users/kasule/Desktop/fast-food-fast-frontend/src/components/PostForm/PostForm.jsx": {"path":"/Users/kasule/Desktop/fast-food-fast-frontend/src/components/PostForm/PostForm.jsx","statementMap":{"0":{"start":{"line":4,"column":17},"end":{"line":58,"column":1}},"1":{"start":{"line":5,"column":4},"end":{"line":57,"column":6}}},"fnMap":{"0":{"name":"(anonymous_0)","decl":{"start":{"line":4,"column":17},"end":{"line":4,"column":18}},"loc":{"start":{"line":4,"column":43},"end":{"line":58,"column":1}},"line":4}},"branchMap":{},"s":{"0":2,"1":1},"f":{"0":1},"b":{},"_coverageSchema":"332fd63041d2c1bcb487cc26dd0d5f7d97098a6c","hash":"0814fde0297b96946de122d542194aea9a0f339c"}
,"/Users/kasule/Desktop/fast-food-fast-frontend/src/components/SignupForm/SignupForm.jsx": {"path":"/Users/kasule/Desktop/fast-food-fast-frontend/src/components/SignupForm/SignupForm.jsx","statementMap":{"0":{"start":{"line":5,"column":19},"end":{"line":107,"column":1}},"1":{"start":{"line":6,"column":4},"end":{"line":106,"column":6}}},"fnMap":{"0":{"name":"(anonymous_0)","decl":{"start":{"line":5,"column":19},"end":{"line":5,"column":20}},"loc":{"start":{"line":5,"column":45},"end":{"line":107,"column":1}},"line":5}},"branchMap":{},"s":{"0":2,"1":1},"f":{"0":1},"b":{},"_coverageSchema":"332fd63041d2c1bcb487cc26dd0d5f7d97098a6c","hash":"affe4333f788ef6edcb6552bed37b63f987db570"}
,"/Users/kasule/Desktop/fast-food-fast-frontend/src/container/Login/Login.jsx": {"path":"/Users/kasule/Desktop/fast-food-fast-frontend/src/container/Login/Login.jsx","statementMap":{"0":{"start":{"line":7,"column":4},"end":{"line":7,"column":17}},"1":{"start":{"line":8,"column":4},"end":{"line":12,"column":6}},"2":{"start":{"line":13,"column":4},"end":{"line":13,"column":45}},"3":{"start":{"line":14,"column":4},"end":{"line":14,"column":45}},"4":{"start":{"line":18,"column":4},"end":{"line":18,"column":55}},"5":{"start":{"line":21,"column":4},"end":{"line":21,"column":23}},"6":{"start":{"line":22,"column":17},"end":{"line":26,"column":5}},"7":{"start":{"line":27,"column":4},"end":{"line":27,"column":33}},"8":{"start":{"line":31,"column":4},"end":{"line":31,"column":75}}},"fnMap":{"0":{"name":"(anonymous_0)","decl":{"start":{"line":6,"column":2},"end":{"line":6,"column":3}},"loc":{"start":{"line":6,"column":21},"end":{"line":15,"column":3}},"line":6},"1":{"name":"(anonymous_1)","decl":{"start":{"line":17,"column":2},"end":{"line":17,"column":3}},"loc":{"start":{"line":17,"column":14},"end":{"line":19,"column":3}},"line":17},"2":{"name":"(anonymous_2)","decl":{"start":{"line":20,"column":2},"end":{"line":20,"column":3}},"loc":{"start":{"line":20,"column":14},"end":{"line":28,"column":3}},"line":20},"3":{"name":"(anonymous_3)","decl":{"start":{"line":30,"column":2},"end":{"line":30,"column":3}},"loc":{"start":{"line":30,"column":11},"end":{"line":32,"column":3}},"line":30}},"branchMap":{},"s":{"0":1,"1":1,"2":1,"3":1,"4":0,"5":0,"6":0,"7":0,"8":1},"f":{"0":1,"1":0,"2":0,"3":1},"b":{},"_coverageSchema":"332fd63041d2c1bcb487cc26dd0d5f7d97098a6c","hash":"b447fa76cd1e4e39b22b420e04a03b85d73356b8"}
,"/Users/kasule/Desktop/fast-food-fast-frontend/src/container/Menu/Menu.js": {"path":"/Users/kasule/Desktop/fast-food-fast-frontend/src/container/Menu/Menu.js","statementMap":{"0":{"start":{"line":7,"column":8},"end":{"line":7,"column":21}},"1":{"start":{"line":8,"column":8},"end":{"line":13,"column":10}},"2":{"start":{"line":14,"column":8},"end":{"line":14,"column":48}},"3":{"start":{"line":15,"column":8},"end":{"line":15,"column":48}},"4":{"start":{"line":18,"column":8},"end":{"line":18,"column":57}},"5":{"start":{"line":21,"column":8},"end":{"line":21,"column":27}},"6":{"start":{"line":22,"column":21},"end":{"line":27,"column":9}},"7":{"start":{"line":28,"column":8},"end":{"line":28,"column":31}},"8":{"start":{"line":31,"column":8},"end":{"line":33,"column":10}}},"fnMap":{"0":{"name":"(anonymous_0)","decl":{"start":{"line":6,"column":4},"end":{"line":6,"column":5}},"loc":{"start":{"line":6,"column":23},"end":{"line":16,"column":5}},"line":6},"1":{"name":"(anonymous_1)","decl":{"start":{"line":17,"column":4},"end":{"line":17,"column":5}},"loc":{"start":{"line":17,"column":15},"end":{"line":19,"column":5}},"line":17},"2":{"name":"(anonymous_2)","decl":{"start":{"line":20,"column":4},"end":{"line":20,"column":5}},"loc":{"start":{"line":20,"column":15},"end":{"line":29,"column":5}},"line":20},"3":{"name":"(anonymous_3)","decl":{"start":{"line":30,"column":4},"end":{"line":30,"column":5}},"loc":{"start":{"line":30,"column":13},"end":{"line":34,"column":5}},"line":30}},"branchMap":{},"s":{"0":0,"1":0,"2":0,"3":0,"4":0,"5":0,"6":0,"7":0,"8":0},"f":{"0":0,"1":0,"2":0,"3":0},"b":{},"_coverageSchema":"332fd63041d2c1bcb487cc26dd0d5f7d97098a6c","hash":"d232dd5dbb38ba92f5e60283f076f79c28440d96"}
,"/Users/kasule/Desktop/fast-food-fast-frontend/src/container/NavBar/NavBar.js": {"path":"/Users/kasule/Desktop/fast-food-fast-frontend/src/container/NavBar/NavBar.js","statementMap":{"0":{"start":{"line":5,"column":6},"end":{"line":5,"column":19}},"1":{"start":{"line":6,"column":6},"end":{"line":8,"column":8}},"2":{"start":{"line":9,"column":6},"end":{"line":9,"column":45}},"3":{"start":{"line":13,"column":4},"end":{"line":15,"column":9}},"4":{"start":{"line":19,"column":4},"end":{"line":21,"column":6}}},"fnMap":{"0":{"name":"(anonymous_0)","decl":{"start":{"line":4,"column":2},"end":{"line":4,"column":3}},"loc":{"start":{"line":4,"column":21},"end":{"line":10,"column":3}},"line":4},"1":{"name":"(anonymous_1)","decl":{"start":{"line":12,"column":2},"end":{"line":12,"column":3}},"loc":{"start":{"line":12,"column":12},"end":{"line":16,"column":3}},"line":12},"2":{"name":"(anonymous_2)","decl":{"start":{"line":18,"column":2},"end":{"line":18,"column":3}},"loc":{"start":{"line":18,"column":11},"end":{"line":22,"column":3}},"line":18}},"branchMap":{},"s":{"0":1,"1":1,"2":1,"3":0,"4":1},"f":{"0":1,"1":0,"2":1},"b":{},"_coverageSchema":"332fd63041d2c1bcb487cc26dd0d5f7d97098a6c","hash":"493b84dd5e592032607764fad6624e95f766cc40"}
,"/Users/kasule/Desktop/fast-food-fast-frontend/src/container/Signup/Signup.js": {"path":"/Users/kasule/Desktop/fast-food-fast-frontend/src/container/Signup/Signup.js","statementMap":{"0":{"start":{"line":8,"column":4},"end":{"line":8,"column":17}},"1":{"start":{"line":9,"column":4},"end":{"line":15,"column":6}},"2":{"start":{"line":16,"column":4},"end":{"line":16,"column":45}},"3":{"start":{"line":17,"column":4},"end":{"line":17,"column":45}},"4":{"start":{"line":20,"column":4},"end":{"line":20,"column":55}},"5":{"start":{"line":23,"column":4},"end":{"line":23,"column":28}},"6":{"start":{"line":25,"column":4},"end":{"line":25,"column":23}},"7":{"start":{"line":26,"column":17},"end":{"line":32,"column":5}},"8":{"start":{"line":33,"column":4},"end":{"line":33,"column":22}},"9":{"start":{"line":35,"column":4},"end":{"line":35,"column":36}},"10":{"start":{"line":38,"column":4},"end":{"line":38,"column":76}}},"fnMap":{"0":{"name":"(anonymous_0)","decl":{"start":{"line":7,"column":2},"end":{"line":7,"column":3}},"loc":{"start":{"line":7,"column":21},"end":{"line":18,"column":3}},"line":7},"1":{"name":"(anonymous_1)","decl":{"start":{"line":19,"column":2},"end":{"line":19,"column":3}},"loc":{"start":{"line":19,"column":14},"end":{"line":21,"column":3}},"line":19},"2":{"name":"(anonymous_2)","decl":{"start":{"line":22,"column":2},"end":{"line":22,"column":3}},"loc":{"start":{"line":22,"column":14},"end":{"line":36,"column":3}},"line":22},"3":{"name":"(anonymous_3)","decl":{"start":{"line":37,"column":2},"end":{"line":37,"column":3}},"loc":{"start":{"line":37,"column":11},"end":{"line":39,"column":3}},"line":37}},"branchMap":{},"s":{"0":0,"1":0,"2":0,"3":0,"4":0,"5":0,"6":0,"7":0,"8":0,"9":0,"10":0},"f":{"0":0,"1":0,"2":0,"3":0},"b":{},"_coverageSchema":"332fd63041d2c1bcb487cc26dd0d5f7d97098a6c","hash":"b32d029c06a104109a7bb725d4e14b5fbc011f03"}
,"/Users/kasule/Desktop/fast-food-fast-frontend/src/reducer/index.js": {"path":"/Users/kasule/Desktop/fast-food-fast-frontend/src/reducer/index.js","statementMap":{"0":{"start":{"line":4,"column":20},"end":{"line":6,"column":2}}},"fnMap":{},"branchMap":{},"s":{"0":1},"f":{},"b":{},"_coverageSchema":"332fd63041d2c1bcb487cc26dd0d5f7d97098a6c","hash":"025b641f76efe590b6191f3128c3ce4027e78361"}
,"/Users/kasule/Desktop/fast-food-fast-frontend/src/reducer/menuReducer.js": {"path":"/Users/kasule/Desktop/fast-food-fast-frontend/src/reducer/menuReducer.js","statementMap":{"0":{"start":{"line":2,"column":21},"end":{"line":5,"column":1}},"1":{"start":{"line":8,"column":2},"end":{"line":20,"column":3}},"2":{"start":{"line":10,"column":0},"end":{"line":10,"column":28}},"3":{"start":{"line":11,"column":6},"end":{"line":11,"column":48}},"4":{"start":{"line":13,"column":6},"end":{"line":13,"column":34}},"5":{"start":{"line":14,"column":6},"end":{"line":14,"column":48}},"6":{"start":{"line":16,"column":6},"end":{"line":16,"column":34}},"7":{"start":{"line":17,"column":6},"end":{"line":17,"column":48}},"8":{"start":{"line":19,"column":6},"end":{"line":19,"column":19}}},"fnMap":{"0":{"name":"(anonymous_0)","decl":{"start":{"line":7,"column":15},"end":{"line":7,"column":16}},"loc":{"start":{"line":7,"column":49},"end":{"line":21,"column":1}},"line":7}},"branchMap":{"0":{"loc":{"start":{"line":7,"column":16},"end":{"line":7,"column":36}},"type":"default-arg","locations":[{"start":{"line":7,"column":24},"end":{"line":7,"column":36}}],"line":7},"1":{"loc":{"start":{"line":8,"column":2},"end":{"line":20,"column":3}},"type":"switch","locations":[{"start":{"line":9,"column":4},"end":{"line":11,"column":48}},{"start":{"line":12,"column":4},"end":{"line":14,"column":48}},{"start":{"line":15,"column":4},"end":{"line":17,"column":48}},{"start":{"line":18,"column":4},"end":{"line":19,"column":19}}],"line":8}},"s":{"0":2,"1":7,"2":1,"3":1,"4":1,"5":1,"6":1,"7":1,"8":4},"f":{"0":7},"b":{"0":[3],"1":[1,1,1,4]},"_coverageSchema":"332fd63041d2c1bcb487cc26dd0d5f7d97098a6c","hash":"23ba39919303be27c40acae518c786b1e6bdfee8"}
,"/Users/kasule/Desktop/fast-food-fast-frontend/src/router/router.jsx": {"path":"/Users/kasule/Desktop/fast-food-fast-frontend/src/router/router.jsx","statementMap":{"0":{"start":{"line":10,"column":24},"end":{"line":25,"column":1}},"1":{"start":{"line":11,"column":2},"end":{"line":24,"column":4}}},"fnMap":{"0":{"name":"(anonymous_0)","decl":{"start":{"line":10,"column":24},"end":{"line":10,"column":25}},"loc":{"start":{"line":10,"column":30},"end":{"line":25,"column":1}},"line":10}},"branchMap":{},"s":{"0":1,"1":1},"f":{"0":1},"b":{},"_coverageSchema":"332fd63041d2c1bcb487cc26dd0d5f7d97098a6c","hash":"23ed3bb5e2e2d8ab93aed078be2a452eb143a0e4"}
}
