{"/Users/kasule/Desktop/fast-food-fast-frontend/src/App.js": {"path":"/Users/kasule/Desktop/fast-food-fast-frontend/src/App.js","statementMap":{"0":{"start":{"line":8,"column":4},"end":{"line":13,"column":6}}},"fnMap":{"0":{"name":"(anonymous_0)","decl":{"start":{"line":7,"column":2},"end":{"line":7,"column":3}},"loc":{"start":{"line":7,"column":11},"end":{"line":14,"column":3}},"line":7}},"branchMap":{},"s":{"0":1},"f":{"0":1},"b":{},"_coverageSchema":"332fd63041d2c1bcb487cc26dd0d5f7d97098a6c","hash":"526f3410d5c0909ebaa7be989338f8a7bfcc370e"}
,"/Users/kasule/Desktop/fast-food-fast-frontend/src/store.js": {"path":"/Users/kasule/Desktop/fast-food-fast-frontend/src/store.js","statementMap":{"0":{"start":{"line":5,"column":20},"end":{"line":5,"column":22}},"1":{"start":{"line":6,"column":19},"end":{"line":6,"column":26}},"2":{"start":{"line":8,"column":14},"end":{"line":12,"column":1}}},"fnMap":{},"branchMap":{},"s":{"0":1,"1":1,"2":1},"f":{},"b":{},"_coverageSchema":"332fd63041d2c1bcb487cc26dd0d5f7d97098a6c","hash":"e49fd366cb39ba835e81bbe23b53a0c75ee95ca0"}
,"/Users/kasule/Desktop/fast-food-fast-frontend/src/actions/feactAction.js": {"path":"/Users/kasule/Desktop/fast-food-fast-frontend/src/actions/feactAction.js","statementMap":{"0":{"start":{"line":5,"column":12},"end":{"line":5,"column":48}},"1":{"start":{"line":7,"column":25},"end":{"line":11,"column":1}},"2":{"start":{"line":8,"column":2},"end":{"line":10,"column":4}},"3":{"start":{"line":9,"column":4},"end":{"line":9,"column":22}},"4":{"start":{"line":13,"column":22},"end":{"line":32,"column":1}},"5":{"start":{"line":14,"column":2},"end":{"line":31,"column":4}},"6":{"start":{"line":15,"column":4},"end":{"line":30,"column":9}},"7":{"start":{"line":23,"column":19},"end":{"line":23,"column":29}},"8":{"start":{"line":25,"column":8},"end":{"line":25,"column":26}},"9":{"start":{"line":26,"column":8},"end":{"line":29,"column":11}},"10":{"start":{"line":34,"column":30},"end":{"line":59,"column":1}},"11":{"start":{"line":35,"column":2},"end":{"line":58,"column":4}},"12":{"start":{"line":36,"column":4},"end":{"line":57,"column":9}},"13":{"start":{"line":43,"column":19},"end":{"line":43,"column":29}},"14":{"start":{"line":45,"column":8},"end":{"line":45,"column":26}},"15":{"start":{"line":47,"column":8},"end":{"line":49,"column":11}},"16":{"start":{"line":48,"column":12},"end":{"line":48,"column":47}},"17":{"start":{"line":50,"column":8},"end":{"line":52,"column":11}},"18":{"start":{"line":51,"column":12},"end":{"line":51,"column":51}},"19":{"start":{"line":53,"column":8},"end":{"line":56,"column":11}},"20":{"start":{"line":61,"column":27},"end":{"line":86,"column":1}},"21":{"start":{"line":62,"column":2},"end":{"line":85,"column":4}},"22":{"start":{"line":63,"column":4},"end":{"line":84,"column":9}},"23":{"start":{"line":70,"column":19},"end":{"line":70,"column":29}},"24":{"start":{"line":72,"column":8},"end":{"line":74,"column":9}},"25":{"start":{"line":73,"column":10},"end":{"line":73,"column":45}},"26":{"start":{"line":76,"column":8},"end":{"line":79,"column":11}},"27":{"start":{"line":77,"column":12},"end":{"line":77,"column":65}},"28":{"start":{"line":78,"column":12},"end":{"line":78,"column":51}},"29":{"start":{"line":80,"column":8},"end":{"line":83,"column":11}}},"fnMap":{"0":{"name":"(anonymous_0)","decl":{"start":{"line":7,"column":25},"end":{"line":7,"column":26}},"loc":{"start":{"line":7,"column":36},"end":{"line":11,"column":1}},"line":7},"1":{"name":"(anonymous_1)","decl":{"start":{"line":8,"column":9},"end":{"line":8,"column":10}},"loc":{"start":{"line":8,"column":28},"end":{"line":10,"column":3}},"line":8},"2":{"name":"(anonymous_2)","decl":{"start":{"line":13,"column":22},"end":{"line":13,"column":23}},"loc":{"start":{"line":13,"column":37},"end":{"line":32,"column":1}},"line":13},"3":{"name":"(anonymous_3)","decl":{"start":{"line":14,"column":9},"end":{"line":14,"column":10}},"loc":{"start":{"line":14,"column":28},"end":{"line":31,"column":3}},"line":14},"4":{"name":"(anonymous_4)","decl":{"start":{"line":23,"column":12},"end":{"line":23,"column":13}},"loc":{"start":{"line":23,"column":19},"end":{"line":23,"column":29}},"line":23},"5":{"name":"(anonymous_5)","decl":{"start":{"line":24,"column":12},"end":{"line":24,"column":13}},"loc":{"start":{"line":24,"column":20},"end":{"line":30,"column":7}},"line":24},"6":{"name":"(anonymous_6)","decl":{"start":{"line":34,"column":30},"end":{"line":34,"column":31}},"loc":{"start":{"line":34,"column":45},"end":{"line":59,"column":1}},"line":34},"7":{"name":"(anonymous_7)","decl":{"start":{"line":35,"column":9},"end":{"line":35,"column":10}},"loc":{"start":{"line":35,"column":28},"end":{"line":58,"column":3}},"line":35},"8":{"name":"(anonymous_8)","decl":{"start":{"line":43,"column":12},"end":{"line":43,"column":13}},"loc":{"start":{"line":43,"column":19},"end":{"line":43,"column":29}},"line":43},"9":{"name":"(anonymous_9)","decl":{"start":{"line":44,"column":12},"end":{"line":44,"column":13}},"loc":{"start":{"line":44,"column":20},"end":{"line":57,"column":7}},"line":44},"10":{"name":"(anonymous_10)","decl":{"start":{"line":61,"column":27},"end":{"line":61,"column":28}},"loc":{"start":{"line":61,"column":42},"end":{"line":86,"column":1}},"line":61},"11":{"name":"(anonymous_11)","decl":{"start":{"line":62,"column":9},"end":{"line":62,"column":10}},"loc":{"start":{"line":62,"column":28},"end":{"line":85,"column":3}},"line":62},"12":{"name":"(anonymous_12)","decl":{"start":{"line":70,"column":12},"end":{"line":70,"column":13}},"loc":{"start":{"line":70,"column":19},"end":{"line":70,"column":29}},"line":70},"13":{"name":"(anonymous_13)","decl":{"start":{"line":71,"column":12},"end":{"line":71,"column":13}},"loc":{"start":{"line":71,"column":20},"end":{"line":84,"column":7}},"line":71}},"branchMap":{"0":{"loc":{"start":{"line":47,"column":8},"end":{"line":49,"column":11}},"type":"if","locations":[{"start":{"line":47,"column":8},"end":{"line":49,"column":11}},{"start":{"line":47,"column":8},"end":{"line":49,"column":11}}],"line":47},"1":{"loc":{"start":{"line":47,"column":12},"end":{"line":47,"column":92}},"type":"binary-expr","locations":[{"start":{"line":47,"column":12},"end":{"line":47,"column":37}},{"start":{"line":47,"column":41},"end":{"line":47,"column":64}},{"start":{"line":47,"column":68},"end":{"line":47,"column":92}}],"line":47},"2":{"loc":{"start":{"line":50,"column":8},"end":{"line":52,"column":11}},"type":"if","locations":[{"start":{"line":50,"column":8},"end":{"line":52,"column":11}},{"start":{"line":50,"column":8},"end":{"line":52,"column":11}}],"line":50},"3":{"loc":{"start":{"line":72,"column":8},"end":{"line":74,"column":9}},"type":"if","locations":[{"start":{"line":72,"column":8},"end":{"line":74,"column":9}},{"start":{"line":72,"column":8},"end":{"line":74,"column":9}}],"line":72},"4":{"loc":{"start":{"line":76,"column":8},"end":{"line":79,"column":11}},"type":"if","locations":[{"start":{"line":76,"column":8},"end":{"line":79,"column":11}},{"start":{"line":76,"column":8},"end":{"line":79,"column":11}}],"line":76}},"s":{"0":5,"1":5,"2":0,"3":0,"4":5,"5":2,"6":1,"7":1,"8":1,"9":0,"10":5,"11":1,"12":1,"13":1,"14":1,"15":1,"16":0,"17":1,"18":0,"19":1,"20":5,"21":1,"22":1,"23":1,"24":1,"25":0,"26":1,"27":0,"28":0,"29":1},"f":{"0":0,"1":0,"2":2,"3":1,"4":1,"5":1,"6":1,"7":1,"8":1,"9":1,"10":1,"11":1,"12":1,"13":1},"b":{"0":[0,1],"1":[1,1,1],"2":[0,1],"3":[0,1],"4":[0,1]},"_coverageSchema":"332fd63041d2c1bcb487cc26dd0d5f7d97098a6c","hash":"155c44da8db772c279348e01932a072918c04f8f"}
,"/Users/kasule/Desktop/fast-food-fast-frontend/src/actions/type.js": {"path":"/Users/kasule/Desktop/fast-food-fast-frontend/src/actions/type.js","statementMap":{"0":{"start":{"line":1,"column":25},"end":{"line":1,"column":36}},"1":{"start":{"line":2,"column":24},"end":{"line":2,"column":34}},"2":{"start":{"line":3,"column":24},"end":{"line":3,"column":34}},"3":{"start":{"line":4,"column":21},"end":{"line":4,"column":28}},"4":{"start":{"line":5,"column":23},"end":{"line":5,"column":71}}},"fnMap":{},"branchMap":{},"s":{"0":6,"1":6,"2":6,"3":6,"4":6},"f":{},"b":{},"_coverageSchema":"332fd63041d2c1bcb487cc26dd0d5f7d97098a6c","hash":"e08a12c6c67499ccb2b2b9a2cccd3e7e84cedf96"}
,"/Users/kasule/Desktop/fast-food-fast-frontend/src/components/LoginForm/LoginForm.jsx": {"path":"/Users/kasule/Desktop/fast-food-fast-frontend/src/components/LoginForm/LoginForm.jsx","statementMap":{"0":{"start":{"line":15,"column":18},"end":{"line":112,"column":1}},"1":{"start":{"line":16,"column":2},"end":{"line":111,"column":4}}},"fnMap":{"0":{"name":"(anonymous_0)","decl":{"start":{"line":15,"column":18},"end":{"line":15,"column":19}},"loc":{"start":{"line":15,"column":46},"end":{"line":112,"column":1}},"line":15}},"branchMap":{},"s":{"0":2,"1":1},"f":{"0":1},"b":{},"_coverageSchema":"332fd63041d2c1bcb487cc26dd0d5f7d97098a6c","hash":"6e355bd7d401f21095888b0ed6846aa60fc4a633"}
,"/Users/kasule/Desktop/fast-food-fast-frontend/src/components/NavBar/Navbar.jsx": {"path":"/Users/kasule/Desktop/fast-food-fast-frontend/src/components/NavBar/Navbar.jsx","statementMap":{"0":{"start":{"line":5,"column":15},"end":{"line":46,"column":1}},"1":{"start":{"line":6,"column":19},"end":{"line":6,"column":47}},"2":{"start":{"line":7,"column":4},"end":{"line":45,"column":6}}},"fnMap":{"0":{"name":"(anonymous_0)","decl":{"start":{"line":5,"column":15},"end":{"line":5,"column":16}},"loc":{"start":{"line":5,"column":38},"end":{"line":46,"column":1}},"line":5}},"branchMap":{},"s":{"0":3,"1":2,"2":2},"f":{"0":2},"b":{},"_coverageSchema":"332fd63041d2c1bcb487cc26dd0d5f7d97098a6c","hash":"b1e846606b3bea8e89d98dbeb884bf4cc7eb3fa6"}
,"/Users/kasule/Desktop/fast-food-fast-frontend/src/components/PostForm/PostForm.jsx": {"path":"/Users/kasule/Desktop/fast-food-fast-frontend/src/components/PostForm/PostForm.jsx","statementMap":{"0":{"start":{"line":4,"column":17},"end":{"line":58,"column":1}},"1":{"start":{"line":5,"column":4},"end":{"line":57,"column":6}}},"fnMap":{"0":{"name":"(anonymous_0)","decl":{"start":{"line":4,"column":17},"end":{"line":4,"column":18}},"loc":{"start":{"line":4,"column":43},"end":{"line":58,"column":1}},"line":4}},"branchMap":{},"s":{"0":3,"1":1},"f":{"0":1},"b":{},"_coverageSchema":"332fd63041d2c1bcb487cc26dd0d5f7d97098a6c","hash":"0814fde0297b96946de122d542194aea9a0f339c"}
,"/Users/kasule/Desktop/fast-food-fast-frontend/src/components/SignupForm/SignupForm.jsx": {"path":"/Users/kasule/Desktop/fast-food-fast-frontend/src/components/SignupForm/SignupForm.jsx","statementMap":{"0":{"start":{"line":5,"column":19},"end":{"line":111,"column":1}},"1":{"start":{"line":6,"column":4},"end":{"line":110,"column":6}}},"fnMap":{"0":{"name":"(anonymous_0)","decl":{"start":{"line":5,"column":19},"end":{"line":5,"column":20}},"loc":{"start":{"line":5,"column":45},"end":{"line":111,"column":1}},"line":5}},"branchMap":{},"s":{"0":3,"1":1},"f":{"0":1},"b":{},"_coverageSchema":"332fd63041d2c1bcb487cc26dd0d5f7d97098a6c","hash":"ac78226d15383a4ad9fc01332828459b394533bc"}
,"/Users/kasule/Desktop/fast-food-fast-frontend/src/container/Login/Login.jsx": {"path":"/Users/kasule/Desktop/fast-food-fast-frontend/src/container/Login/Login.jsx","statementMap":{"0":{"start":{"line":7,"column":4},"end":{"line":7,"column":17}},"1":{"start":{"line":8,"column":4},"end":{"line":12,"column":6}},"2":{"start":{"line":13,"column":4},"end":{"line":13,"column":45}},"3":{"start":{"line":14,"column":4},"end":{"line":14,"column":45}},"4":{"start":{"line":18,"column":4},"end":{"line":18,"column":55}},"5":{"start":{"line":21,"column":4},"end":{"line":21,"column":23}},"6":{"start":{"line":22,"column":17},"end":{"line":26,"column":5}},"7":{"start":{"line":27,"column":4},"end":{"line":27,"column":33}},"8":{"start":{"line":31,"column":4},"end":{"line":31,"column":75}}},"fnMap":{"0":{"name":"(anonymous_0)","decl":{"start":{"line":6,"column":2},"end":{"line":6,"column":3}},"loc":{"start":{"line":6,"column":21},"end":{"line":15,"column":3}},"line":6},"1":{"name":"(anonymous_1)","decl":{"start":{"line":17,"column":2},"end":{"line":17,"column":3}},"loc":{"start":{"line":17,"column":14},"end":{"line":19,"column":3}},"line":17},"2":{"name":"(anonymous_2)","decl":{"start":{"line":20,"column":2},"end":{"line":20,"column":3}},"loc":{"start":{"line":20,"column":14},"end":{"line":28,"column":3}},"line":20},"3":{"name":"(anonymous_3)","decl":{"start":{"line":30,"column":2},"end":{"line":30,"column":3}},"loc":{"start":{"line":30,"column":11},"end":{"line":32,"column":3}},"line":30}},"branchMap":{},"s":{"0":4,"1":4,"2":4,"3":4,"4":1,"5":1,"6":1,"7":1,"8":5},"f":{"0":4,"1":1,"2":1,"3":5},"b":{},"_coverageSchema":"332fd63041d2c1bcb487cc26dd0d5f7d97098a6c","hash":"b447fa76cd1e4e39b22b420e04a03b85d73356b8"}
,"/Users/kasule/Desktop/fast-food-fast-frontend/src/container/Menu/Menu.js": {"path":"/Users/kasule/Desktop/fast-food-fast-frontend/src/container/Menu/Menu.js","statementMap":{"0":{"start":{"line":7,"column":8},"end":{"line":7,"column":21}},"1":{"start":{"line":8,"column":8},"end":{"line":13,"column":10}},"2":{"start":{"line":14,"column":8},"end":{"line":14,"column":48}},"3":{"start":{"line":15,"column":8},"end":{"line":15,"column":48}},"4":{"start":{"line":18,"column":8},"end":{"line":18,"column":57}},"5":{"start":{"line":21,"column":8},"end":{"line":21,"column":27}},"6":{"start":{"line":22,"column":21},"end":{"line":27,"column":9}},"7":{"start":{"line":28,"column":8},"end":{"line":28,"column":20}},"8":{"start":{"line":31,"column":8},"end":{"line":33,"column":10}}},"fnMap":{"0":{"name":"(anonymous_0)","decl":{"start":{"line":6,"column":4},"end":{"line":6,"column":5}},"loc":{"start":{"line":6,"column":23},"end":{"line":16,"column":5}},"line":6},"1":{"name":"(anonymous_1)","decl":{"start":{"line":17,"column":4},"end":{"line":17,"column":5}},"loc":{"start":{"line":17,"column":15},"end":{"line":19,"column":5}},"line":17},"2":{"name":"(anonymous_2)","decl":{"start":{"line":20,"column":4},"end":{"line":20,"column":5}},"loc":{"start":{"line":20,"column":15},"end":{"line":29,"column":5}},"line":20},"3":{"name":"(anonymous_3)","decl":{"start":{"line":30,"column":4},"end":{"line":30,"column":5}},"loc":{"start":{"line":30,"column":13},"end":{"line":34,"column":5}},"line":30}},"branchMap":{},"s":{"0":3,"1":3,"2":3,"3":3,"4":1,"5":1,"6":1,"7":1,"8":4},"f":{"0":3,"1":1,"2":1,"3":4},"b":{},"_coverageSchema":"332fd63041d2c1bcb487cc26dd0d5f7d97098a6c","hash":"8a915b7c72757304f9b6666f5cd411a5a0275712"}
,"/Users/kasule/Desktop/fast-food-fast-frontend/src/container/NavBar/NavBar.js": {"path":"/Users/kasule/Desktop/fast-food-fast-frontend/src/container/NavBar/NavBar.js","statementMap":{"0":{"start":{"line":5,"column":6},"end":{"line":5,"column":19}},"1":{"start":{"line":6,"column":6},"end":{"line":8,"column":8}},"2":{"start":{"line":9,"column":6},"end":{"line":9,"column":45}},"3":{"start":{"line":13,"column":4},"end":{"line":15,"column":9}},"4":{"start":{"line":19,"column":4},"end":{"line":21,"column":6}}},"fnMap":{"0":{"name":"(anonymous_0)","decl":{"start":{"line":4,"column":2},"end":{"line":4,"column":3}},"loc":{"start":{"line":4,"column":21},"end":{"line":10,"column":3}},"line":4},"1":{"name":"(anonymous_1)","decl":{"start":{"line":12,"column":2},"end":{"line":12,"column":3}},"loc":{"start":{"line":12,"column":12},"end":{"line":16,"column":3}},"line":12},"2":{"name":"(anonymous_2)","decl":{"start":{"line":18,"column":2},"end":{"line":18,"column":3}},"loc":{"start":{"line":18,"column":11},"end":{"line":22,"column":3}},"line":18}},"branchMap":{},"s":{"0":3,"1":3,"2":3,"3":1,"4":4},"f":{"0":3,"1":1,"2":4},"b":{},"_coverageSchema":"332fd63041d2c1bcb487cc26dd0d5f7d97098a6c","hash":"493b84dd5e592032607764fad6624e95f766cc40"}
,"/Users/kasule/Desktop/fast-food-fast-frontend/src/container/Signup/Signup.js": {"path":"/Users/kasule/Desktop/fast-food-fast-frontend/src/container/Signup/Signup.js","statementMap":{"0":{"start":{"line":8,"column":4},"end":{"line":8,"column":17}},"1":{"start":{"line":9,"column":4},"end":{"line":15,"column":6}},"2":{"start":{"line":16,"column":4},"end":{"line":16,"column":45}},"3":{"start":{"line":17,"column":4},"end":{"line":17,"column":45}},"4":{"start":{"line":20,"column":4},"end":{"line":20,"column":55}},"5":{"start":{"line":23,"column":4},"end":{"line":23,"column":23}},"6":{"start":{"line":24,"column":17},"end":{"line":30,"column":5}},"7":{"start":{"line":32,"column":4},"end":{"line":32,"column":36}},"8":{"start":{"line":33,"column":4},"end":{"line":33,"column":22}},"9":{"start":{"line":36,"column":4},"end":{"line":36,"column":76}}},"fnMap":{"0":{"name":"(anonymous_0)","decl":{"start":{"line":7,"column":2},"end":{"line":7,"column":3}},"loc":{"start":{"line":7,"column":21},"end":{"line":18,"column":3}},"line":7},"1":{"name":"(anonymous_1)","decl":{"start":{"line":19,"column":2},"end":{"line":19,"column":3}},"loc":{"start":{"line":19,"column":14},"end":{"line":21,"column":3}},"line":19},"2":{"name":"(anonymous_2)","decl":{"start":{"line":22,"column":2},"end":{"line":22,"column":3}},"loc":{"start":{"line":22,"column":14},"end":{"line":34,"column":3}},"line":22},"3":{"name":"(anonymous_3)","decl":{"start":{"line":35,"column":2},"end":{"line":35,"column":3}},"loc":{"start":{"line":35,"column":11},"end":{"line":37,"column":3}},"line":35}},"branchMap":{},"s":{"0":3,"1":3,"2":3,"3":3,"4":1,"5":1,"6":1,"7":1,"8":1,"9":4},"f":{"0":3,"1":1,"2":1,"3":4},"b":{},"_coverageSchema":"332fd63041d2c1bcb487cc26dd0d5f7d97098a6c","hash":"a57f72dfc0adfd933a433993812436108f06ba06"}
,"/Users/kasule/Desktop/fast-food-fast-frontend/src/reducer/index.js": {"path":"/Users/kasule/Desktop/fast-food-fast-frontend/src/reducer/index.js","statementMap":{"0":{"start":{"line":4,"column":20},"end":{"line":6,"column":2}}},"fnMap":{},"branchMap":{},"s":{"0":1},"f":{},"b":{},"_coverageSchema":"332fd63041d2c1bcb487cc26dd0d5f7d97098a6c","hash":"025b641f76efe590b6191f3128c3ce4027e78361"}
,"/Users/kasule/Desktop/fast-food-fast-frontend/src/reducer/menuReducer.js": {"path":"/Users/kasule/Desktop/fast-food-fast-frontend/src/reducer/menuReducer.js","statementMap":{"0":{"start":{"line":2,"column":21},"end":{"line":5,"column":1}},"1":{"start":{"line":8,"column":2},"end":{"line":20,"column":3}},"2":{"start":{"line":10,"column":0},"end":{"line":10,"column":28}},"3":{"start":{"line":11,"column":6},"end":{"line":11,"column":48}},"4":{"start":{"line":13,"column":6},"end":{"line":13,"column":34}},"5":{"start":{"line":14,"column":6},"end":{"line":14,"column":48}},"6":{"start":{"line":16,"column":6},"end":{"line":16,"column":34}},"7":{"start":{"line":17,"column":6},"end":{"line":17,"column":48}},"8":{"start":{"line":19,"column":6},"end":{"line":19,"column":19}}},"fnMap":{"0":{"name":"(anonymous_0)","decl":{"start":{"line":7,"column":15},"end":{"line":7,"column":16}},"loc":{"start":{"line":7,"column":49},"end":{"line":21,"column":1}},"line":7}},"branchMap":{"0":{"loc":{"start":{"line":7,"column":16},"end":{"line":7,"column":36}},"type":"default-arg","locations":[{"start":{"line":7,"column":24},"end":{"line":7,"column":36}}],"line":7},"1":{"loc":{"start":{"line":8,"column":2},"end":{"line":20,"column":3}},"type":"switch","locations":[{"start":{"line":9,"column":4},"end":{"line":11,"column":48}},{"start":{"line":12,"column":4},"end":{"line":14,"column":48}},{"start":{"line":15,"column":4},"end":{"line":17,"column":48}},{"start":{"line":18,"column":4},"end":{"line":19,"column":19}}],"line":8}},"s":{"0":2,"1":7,"2":1,"3":1,"4":1,"5":1,"6":1,"7":1,"8":4},"f":{"0":7},"b":{"0":[3],"1":[1,1,1,4]},"_coverageSchema":"332fd63041d2c1bcb487cc26dd0d5f7d97098a6c","hash":"23ba39919303be27c40acae518c786b1e6bdfee8"}
,"/Users/kasule/Desktop/fast-food-fast-frontend/src/router/router.jsx": {"path":"/Users/kasule/Desktop/fast-food-fast-frontend/src/router/router.jsx","statementMap":{"0":{"start":{"line":10,"column":24},"end":{"line":25,"column":1}},"1":{"start":{"line":11,"column":2},"end":{"line":24,"column":4}}},"fnMap":{"0":{"name":"(anonymous_0)","decl":{"start":{"line":10,"column":24},"end":{"line":10,"column":25}},"loc":{"start":{"line":10,"column":30},"end":{"line":25,"column":1}},"line":10}},"branchMap":{},"s":{"0":1,"1":1},"f":{"0":1},"b":{},"_coverageSchema":"332fd63041d2c1bcb487cc26dd0d5f7d97098a6c","hash":"23ed3bb5e2e2d8ab93aed078be2a452eb143a0e4"}
}
