TN:
SF:/Users/kasule/Desktop/fast-food-fast-frontend/src/App.js
FN:7,(anonymous_0)
FNF:1
FNH:1
FNDA:1,(anonymous_0)
DA:8,1
LF:1
LH:1
BRF:0
BRH:0
end_of_record
TN:
SF:/Users/kasule/Desktop/fast-food-fast-frontend/src/store.js
FNF:0
FNH:0
DA:5,1
DA:6,1
DA:8,1
LF:3
LH:3
BRF:0
BRH:0
end_of_record
TN:
SF:/Users/kasule/Desktop/fast-food-fast-frontend/src/actions/feactAction.js
FN:7,(anonymous_0)
FN:8,(anonymous_1)
FN:17,(anonymous_2)
FN:18,(anonymous_3)
FN:27,(anonymous_4)
FN:28,(anonymous_5)
FN:36,(anonymous_6)
FN:37,(anonymous_7)
FN:60,(anonymous_8)
FN:61,(anonymous_9)
FN:69,(anonymous_10)
FN:70,(anonymous_11)
FNF:12
FNH:12
FNDA:2,(anonymous_0)
FNDA:1,(anonymous_1)
FNDA:1,(anonymous_2)
FNDA:1,(anonymous_3)
FNDA:1,(anonymous_4)
FNDA:1,(anonymous_5)
FNDA:1,(anonymous_6)
FNDA:1,(anonymous_7)
FNDA:1,(anonymous_8)
FNDA:1,(anonymous_9)
FNDA:1,(anonymous_10)
FNDA:1,(anonymous_11)
DA:5,5
DA:7,5
DA:8,2
DA:9,1
DA:17,1
DA:19,1
DA:27,5
DA:28,1
DA:29,1
DA:36,1
DA:38,1
DA:40,1
DA:46,0
DA:48,1
DA:49,0
DA:50,0
DA:52,1
DA:60,5
DA:61,1
DA:62,1
DA:69,1
DA:71,1
DA:72,0
DA:75,1
DA:76,0
DA:77,0
DA:78,0
DA:81,1
LF:28
LH:21
BRDA:40,0,0,0
BRDA:40,0,1,1
BRDA:41,1,0,1
BRDA:41,1,1,1
BRDA:41,1,2,1
BRDA:41,1,3,1
BRDA:48,2,0,0
BRDA:48,2,1,1
BRDA:71,3,0,0
BRDA:71,3,1,1
BRDA:75,4,0,0
BRDA:75,4,1,1
BRF:12
BRH:8
end_of_record
TN:
SF:/Users/kasule/Desktop/fast-food-fast-frontend/src/actions/type.js
FNF:0
FNH:0
DA:1,6
DA:2,6
DA:3,6
DA:4,6
DA:5,6
LF:5
LH:5
BRF:0
BRH:0
end_of_record
TN:
SF:/Users/kasule/Desktop/fast-food-fast-frontend/src/components/LoginForm/LoginForm.jsx
FN:15,(anonymous_0)
FNF:1
FNH:1
FNDA:1,(anonymous_0)
DA:15,2
DA:16,1
LF:2
LH:2
BRF:0
BRH:0
end_of_record
TN:
SF:/Users/kasule/Desktop/fast-food-fast-frontend/src/components/NavBar/NavBarAuth.jsx
FN:5,(anonymous_0)
FNF:1
FNH:1
FNDA:2,(anonymous_0)
DA:5,5
DA:6,2
DA:7,2
LF:3
LH:3
BRF:0
BRH:0
end_of_record
TN:
SF:/Users/kasule/Desktop/fast-food-fast-frontend/src/components/NavBar/Navbar.jsx
FN:5,(anonymous_0)
FNF:1
FNH:1
FNDA:2,(anonymous_0)
DA:5,4
DA:6,2
DA:7,2
LF:3
LH:3
BRF:0
BRH:0
end_of_record
TN:
SF:/Users/kasule/Desktop/fast-food-fast-frontend/src/components/PostForm/PostForm.jsx
FN:4,(anonymous_0)
FNF:1
FNH:1
FNDA:1,(anonymous_0)
DA:4,3
DA:5,1
LF:2
LH:2
BRF:0
BRH:0
end_of_record
TN:
SF:/Users/kasule/Desktop/fast-food-fast-frontend/src/components/SignupForm/SignupForm.jsx
FN:5,(anonymous_0)
FNF:1
FNH:1
FNDA:1,(anonymous_0)
DA:5,3
DA:6,1
LF:2
LH:2
BRF:0
BRH:0
end_of_record
TN:
SF:/Users/kasule/Desktop/fast-food-fast-frontend/src/container/Login/Login.jsx
FN:8,(anonymous_0)
FN:22,(anonymous_1)
FN:25,(anonymous_2)
FN:30,(anonymous_3)
FN:41,(anonymous_4)
FNF:5
FNH:5
FNDA:5,(anonymous_0)
FNDA:1,(anonymous_1)
FNDA:1,(anonymous_2)
FNDA:1,(anonymous_3)
FNDA:7,(anonymous_4)
DA:9,5
DA:10,5
DA:16,5
DA:17,5
DA:18,5
DA:23,1
DA:26,1
DA:31,1
DA:32,1
DA:37,1
DA:38,1
DA:42,7
LF:12
LH:12
BRF:0
BRH:0
end_of_record
TN:
SF:/Users/kasule/Desktop/fast-food-fast-frontend/src/container/Menu/Menu.js
FN:10,(anonymous_0)
FN:24,(anonymous_1)
FN:27,(anonymous_2)
FN:32,(anonymous_3)
FN:42,(anonymous_4)
FNF:5
FNH:4
FNDA:3,(anonymous_0)
FNDA:1,(anonymous_1)
FNDA:0,(anonymous_2)
FNDA:1,(anonymous_3)
FNDA:4,(anonymous_4)
DA:11,3
DA:12,3
DA:19,3
DA:20,3
DA:21,3
DA:25,1
DA:28,0
DA:33,1
DA:34,1
DA:40,1
DA:43,4
LF:11
LH:10
BRF:0
BRH:0
end_of_record
TN:
SF:/Users/kasule/Desktop/fast-food-fast-frontend/src/container/NavBar/NavBar.js
FN:4,(anonymous_0)
FN:12,(anonymous_1)
FN:18,(anonymous_2)
FNF:3
FNH:3
FNDA:4,(anonymous_0)
FNDA:1,(anonymous_1)
FNDA:5,(anonymous_2)
DA:5,4
DA:6,4
DA:9,4
DA:13,1
DA:19,5
LF:5
LH:5
BRF:0
BRH:0
end_of_record
TN:
SF:/Users/kasule/Desktop/fast-food-fast-frontend/src/container/NavBar/NavBarAuth.js
FN:4,(anonymous_0)
FN:12,(anonymous_1)
FN:18,(anonymous_2)
FNF:3
FNH:3
FNDA:2,(anonymous_0)
FNDA:1,(anonymous_1)
FNDA:3,(anonymous_2)
DA:5,2
DA:6,2
DA:9,2
DA:13,1
DA:19,3
LF:5
LH:5
BRF:0
BRH:0
end_of_record
TN:
SF:/Users/kasule/Desktop/fast-food-fast-frontend/src/container/Signup/Signup.js
FN:8,(anonymous_0)
FN:23,(anonymous_1)
FN:26,(anonymous_2)
FN:31,(anonymous_3)
FN:43,(anonymous_4)
FNF:5
FNH:5
FNDA:4,(anonymous_0)
FNDA:1,(anonymous_1)
FNDA:1,(anonymous_2)
FNDA:1,(anonymous_3)
FNDA:6,(anonymous_4)
DA:9,4
DA:10,4
DA:18,4
DA:19,4
DA:20,4
DA:24,1
DA:27,1
DA:32,1
DA:33,1
DA:40,1
DA:41,1
DA:44,6
LF:12
LH:12
BRF:0
BRH:0
end_of_record
TN:
SF:/Users/kasule/Desktop/fast-food-fast-frontend/src/reducer/index.js
FNF:0
FNH:0
DA:4,1
LF:1
LH:1
BRF:0
BRH:0
end_of_record
TN:
SF:/Users/kasule/Desktop/fast-food-fast-frontend/src/reducer/menuReducer.js
FN:7,(anonymous_0)
FNF:1
FNH:1
FNDA:7,(anonymous_0)
DA:2,2
DA:8,7
DA:10,1
DA:11,1
DA:13,1
DA:14,1
DA:16,1
DA:17,1
DA:19,4
LF:9
LH:9
BRDA:7,0,0,3
BRDA:8,1,0,1
BRDA:8,1,1,1
BRDA:8,1,2,1
BRDA:8,1,3,4
BRF:5
BRH:5
end_of_record
TN:
SF:/Users/kasule/Desktop/fast-food-fast-frontend/src/router/router.jsx
FN:10,(anonymous_0)
FNF:1
FNH:1
FNDA:1,(anonymous_0)
DA:10,1
DA:11,1
LF:2
LH:2
BRF:0
BRH:0
end_of_record
