TN:
SF:/Users/kasule/Desktop/fast-food-fast-frontend/src/App.js
FN:7,(anonymous_0)
FNF:1
FNH:1
FNDA:1,(anonymous_0)
DA:8,1
LF:1
LH:1
BRF:0
BRH:0
end_of_record
TN:
SF:/Users/kasule/Desktop/fast-food-fast-frontend/src/store.js
FNF:0
FNH:0
DA:5,1
DA:6,1
DA:8,1
LF:3
LH:3
BRF:0
BRH:0
end_of_record
TN:
SF:/Users/kasule/Desktop/fast-food-fast-frontend/src/actions/feactAction.js
FN:7,(anonymous_0)
FN:8,(anonymous_1)
FN:13,(anonymous_2)
FN:14,(anonymous_3)
FN:23,(anonymous_4)
FN:24,(anonymous_5)
FN:34,(anonymous_6)
FN:35,(anonymous_7)
FN:43,(anonymous_8)
FN:44,(anonymous_9)
FN:61,(anonymous_10)
FN:62,(anonymous_11)
FN:70,(anonymous_12)
FN:71,(anonymous_13)
FNF:14
FNH:12
FNDA:0,(anonymous_0)
FNDA:0,(anonymous_1)
FNDA:2,(anonymous_2)
FNDA:1,(anonymous_3)
FNDA:1,(anonymous_4)
FNDA:1,(anonymous_5)
FNDA:1,(anonymous_6)
FNDA:1,(anonymous_7)
FNDA:1,(anonymous_8)
FNDA:1,(anonymous_9)
FNDA:1,(anonymous_10)
FNDA:1,(anonymous_11)
FNDA:1,(anonymous_12)
FNDA:1,(anonymous_13)
DA:5,5
DA:7,5
DA:8,0
DA:9,0
DA:13,5
DA:14,2
DA:15,1
DA:23,1
DA:25,1
DA:26,0
DA:34,5
DA:35,1
DA:36,1
DA:43,1
DA:45,1
DA:47,1
DA:48,0
DA:50,1
DA:51,0
DA:53,1
DA:61,5
DA:62,1
DA:63,1
DA:70,1
DA:72,1
DA:73,0
DA:76,1
DA:77,0
DA:78,0
DA:80,1
LF:30
LH:22
BRDA:47,0,0,0
BRDA:47,0,1,1
BRDA:47,1,0,1
BRDA:47,1,1,1
BRDA:47,1,2,1
BRDA:50,2,0,0
BRDA:50,2,1,1
BRDA:72,3,0,0
BRDA:72,3,1,1
BRDA:76,4,0,0
BRDA:76,4,1,1
BRF:11
BRH:7
end_of_record
TN:
SF:/Users/kasule/Desktop/fast-food-fast-frontend/src/actions/type.js
FNF:0
FNH:0
DA:1,6
DA:2,6
DA:3,6
DA:4,6
DA:5,6
LF:5
LH:5
BRF:0
BRH:0
end_of_record
TN:
SF:/Users/kasule/Desktop/fast-food-fast-frontend/src/components/LoginForm/LoginForm.jsx
FN:15,(anonymous_0)
FNF:1
FNH:1
FNDA:1,(anonymous_0)
DA:15,2
DA:16,1
LF:2
LH:2
BRF:0
BRH:0
end_of_record
TN:
SF:/Users/kasule/Desktop/fast-food-fast-frontend/src/components/NavBar/Navbar.jsx
FN:5,(anonymous_0)
FNF:1
FNH:1
FNDA:2,(anonymous_0)
DA:5,3
DA:6,2
DA:7,2
LF:3
LH:3
BRF:0
BRH:0
end_of_record
TN:
SF:/Users/kasule/Desktop/fast-food-fast-frontend/src/components/PostForm/PostForm.jsx
FN:4,(anonymous_0)
FNF:1
FNH:1
FNDA:1,(anonymous_0)
DA:4,3
DA:5,1
LF:2
LH:2
BRF:0
BRH:0
end_of_record
TN:
SF:/Users/kasule/Desktop/fast-food-fast-frontend/src/components/SignupForm/SignupForm.jsx
FN:5,(anonymous_0)
FNF:1
FNH:1
FNDA:1,(anonymous_0)
DA:5,3
DA:6,1
LF:2
LH:2
BRF:0
BRH:0
end_of_record
TN:
SF:/Users/kasule/Desktop/fast-food-fast-frontend/src/container/Login/Login.jsx
FN:6,(anonymous_0)
FN:17,(anonymous_1)
FN:20,(anonymous_2)
FN:30,(anonymous_3)
FNF:4
FNH:4
FNDA:4,(anonymous_0)
FNDA:1,(anonymous_1)
FNDA:1,(anonymous_2)
FNDA:5,(anonymous_3)
DA:7,4
DA:8,4
DA:13,4
DA:14,4
DA:18,1
DA:21,1
DA:22,1
DA:27,1
DA:31,5
LF:9
LH:9
BRF:0
BRH:0
end_of_record
TN:
SF:/Users/kasule/Desktop/fast-food-fast-frontend/src/container/Menu/Menu.js
FN:6,(anonymous_0)
FN:17,(anonymous_1)
FN:20,(anonymous_2)
FN:30,(anonymous_3)
FNF:4
FNH:4
FNDA:3,(anonymous_0)
FNDA:1,(anonymous_1)
FNDA:1,(anonymous_2)
FNDA:4,(anonymous_3)
DA:7,3
DA:8,3
DA:14,3
DA:15,3
DA:18,1
DA:21,1
DA:22,1
DA:28,1
DA:31,4
LF:9
LH:9
BRF:0
BRH:0
end_of_record
TN:
SF:/Users/kasule/Desktop/fast-food-fast-frontend/src/container/NavBar/NavBar.js
FN:4,(anonymous_0)
FN:12,(anonymous_1)
FN:18,(anonymous_2)
FNF:3
FNH:3
FNDA:3,(anonymous_0)
FNDA:1,(anonymous_1)
FNDA:4,(anonymous_2)
DA:5,3
DA:6,3
DA:9,3
DA:13,1
DA:19,4
LF:5
LH:5
BRF:0
BRH:0
end_of_record
TN:
SF:/Users/kasule/Desktop/fast-food-fast-frontend/src/container/Signup/Signup.js
FN:7,(anonymous_0)
FN:19,(anonymous_1)
FN:22,(anonymous_2)
FN:35,(anonymous_3)
FNF:4
FNH:4
FNDA:3,(anonymous_0)
FNDA:1,(anonymous_1)
FNDA:1,(anonymous_2)
FNDA:4,(anonymous_3)
DA:8,3
DA:9,3
DA:16,3
DA:17,3
DA:20,1
DA:23,1
DA:24,1
DA:32,1
DA:33,1
DA:36,4
LF:10
LH:10
BRF:0
BRH:0
end_of_record
TN:
SF:/Users/kasule/Desktop/fast-food-fast-frontend/src/reducer/index.js
FNF:0
FNH:0
DA:4,1
LF:1
LH:1
BRF:0
BRH:0
end_of_record
TN:
SF:/Users/kasule/Desktop/fast-food-fast-frontend/src/reducer/menuReducer.js
FN:7,(anonymous_0)
FNF:1
FNH:1
FNDA:7,(anonymous_0)
DA:2,2
DA:8,7
DA:10,1
DA:11,1
DA:13,1
DA:14,1
DA:16,1
DA:17,1
DA:19,4
LF:9
LH:9
BRDA:7,0,0,3
BRDA:8,1,0,1
BRDA:8,1,1,1
BRDA:8,1,2,1
BRDA:8,1,3,4
BRF:5
BRH:5
end_of_record
TN:
SF:/Users/kasule/Desktop/fast-food-fast-frontend/src/router/router.jsx
FN:10,(anonymous_0)
FNF:1
FNH:1
FNDA:1,(anonymous_0)
DA:10,1
DA:11,1
LF:2
LH:2
BRF:0
BRH:0
end_of_record
